2017-07-05 14:33:18,083 [Worker-2] INFO  c.g.t.t.d.PublishedGradleVersions - Gradle version information cache is up-to-date. Trying to read.
2017-07-05 14:57:35,950 [Worker-3] INFO  c.g.t.t.d.PublishedGradleVersions - Gradle version information cache is up-to-date. Trying to read.
2017-07-06 07:15:20,999 [Worker-1] INFO  c.g.t.t.d.PublishedGradleVersions - Gradle version information cache is up-to-date. Trying to read.
2017-07-06 07:33:03,548 [Worker-3] INFO  c.g.t.t.d.PublishedGradleVersions - Gradle version information cache is up-to-date. Trying to read.
2017-07-06 07:42:05,554 [Worker-0] INFO  c.g.t.t.d.PublishedGradleVersions - Gradle version information cache is up-to-date. Trying to read.
2017-07-06 11:04:37,502 [Start Help Server] INFO  org.eclipse.jetty.util.log - Logging initialized @4978085ms
2017-07-06 11:04:37,665 [Start Help Server] INFO  org.eclipse.jetty.server.Server - jetty-9.3.9.v20160517
2017-07-06 11:04:37,711 [Start Help Server] INFO  o.e.j.server.handler.ContextHandler - Started o.e.j.s.ServletContextHandler@29f15daf{/help,null,AVAILABLE}
2017-07-06 11:04:37,724 [Start Help Server] INFO  o.e.jetty.server.AbstractConnector - Started ServerConnector@3f75d474{HTTP/1.1,[http/1.1]}{127.0.0.1:52565}
2017-07-06 11:04:37,725 [Start Help Server] INFO  org.eclipse.jetty.server.Server - Started @4978308ms
2017-07-06 13:18:36,955 [Stop Help Server] INFO  o.e.jetty.server.AbstractConnector - Stopped ServerConnector@3f75d474{HTTP/1.1,[http/1.1]}{127.0.0.1:0}
2017-07-06 13:18:36,964 [Stop Help Server] INFO  o.e.j.server.handler.ContextHandler - Stopped o.e.j.s.ServletContextHandler@29f15daf{/help,null,UNAVAILABLE}
2017-07-06 13:18:53,383 [Worker-3] INFO  c.g.t.t.d.PublishedGradleVersions - Gradle version information cache is up-to-date. Trying to read.
2017-07-06 13:23:51,015 [Worker-0] INFO  c.g.t.t.d.PublishedGradleVersions - Gradle version information cache is up-to-date. Trying to read.
2017-07-06 13:24:30,950 [Worker-0] INFO  c.g.t.t.d.PublishedGradleVersions - Gradle version information cache is up-to-date. Trying to read.
2017-07-10 08:42:39,841 [Worker-9] INFO  c.g.t.t.d.PublishedGradleVersions - Gradle version information cache is up-to-date. Trying to read.
2017-07-10 12:21:03,907 [Start Help Server] INFO  org.eclipse.jetty.util.log - Logging initialized @8448919ms
2017-07-10 12:21:04,144 [Start Help Server] INFO  org.eclipse.jetty.server.Server - jetty-9.3.9.v20160517
2017-07-10 12:21:04,203 [Start Help Server] INFO  o.e.j.server.handler.ContextHandler - Started o.e.j.s.ServletContextHandler@20148197{/help,null,AVAILABLE}
2017-07-10 12:21:04,221 [Start Help Server] INFO  o.e.jetty.server.AbstractConnector - Started ServerConnector@476fd2f0{HTTP/1.1,[http/1.1]}{127.0.0.1:58373}
2017-07-10 12:21:04,221 [Start Help Server] INFO  org.eclipse.jetty.server.Server - Started @8449234ms
2017-07-10 13:30:56,690 [Stop Help Server] INFO  o.e.jetty.server.AbstractConnector - Stopped ServerConnector@476fd2f0{HTTP/1.1,[http/1.1]}{127.0.0.1:0}
2017-07-10 13:30:56,794 [Stop Help Server] INFO  o.e.j.server.handler.ContextHandler - Stopped o.e.j.s.ServletContextHandler@20148197{/help,null,UNAVAILABLE}
2017-07-10 13:42:12,595 [Worker-2] INFO  c.g.t.t.d.PublishedGradleVersions - Gradle version information cache is up-to-date. Trying to read.
2017-07-11 08:20:16,731 [Worker-4] INFO  c.g.t.t.d.PublishedGradleVersions - Gradle version information cache is out-of-date. Trying to update.
2017-07-11 11:59:49,660 [Worker-1] INFO  c.g.t.t.d.PublishedGradleVersions - Gradle version information cache is up-to-date. Trying to read.
2017-07-13 13:21:30,550 [Start Help Server] INFO  org.eclipse.jetty.util.log - Logging initialized @170801375ms
2017-07-13 13:21:31,036 [Start Help Server] INFO  org.eclipse.jetty.server.Server - jetty-9.3.9.v20160517
2017-07-13 13:21:31,148 [Start Help Server] INFO  o.e.j.server.handler.ContextHandler - Started o.e.j.s.ServletContextHandler@7054ed65{/help,null,AVAILABLE}
2017-07-13 13:21:31,241 [Start Help Server] INFO  o.e.jetty.server.AbstractConnector - Started ServerConnector@76401b8f{HTTP/1.1,[http/1.1]}{127.0.0.1:56456}
2017-07-13 13:21:31,241 [Start Help Server] INFO  org.eclipse.jetty.server.Server - Started @170802067ms
2017-07-13 19:25:11,974 [Worker-0] INFO  c.g.t.t.d.PublishedGradleVersions - Gradle version information cache is out-of-date. Trying to update.
2017-07-13 19:28:23,911 [Worker-3] INFO  c.g.t.t.d.PublishedGradleVersions - Gradle version information cache is up-to-date. Trying to read.
2017-07-17 11:07:01,158 [Worker-1] INFO  c.g.t.t.d.PublishedGradleVersions - Gradle version information cache is up-to-date. Trying to read.
2017-07-17 13:57:24,443 [Worker-2] INFO  c.g.t.t.d.PublishedGradleVersions - Gradle version information cache is up-to-date. Trying to read.
2017-07-18 09:35:02,413 [Worker-0] INFO  c.g.t.t.d.PublishedGradleVersions - Gradle version information cache is up-to-date. Trying to read.
2017-07-18 16:40:04,106 [Worker-24] INFO  c.g.t.t.d.PublishedGradleVersions - Gradle version information cache is up-to-date. Trying to read.
2017-07-19 09:39:26,539 [Worker-3] INFO  c.g.t.t.d.PublishedGradleVersions - Gradle version information cache is up-to-date. Trying to read.
2017-07-19 15:08:14,392 [Worker-2] INFO  c.g.t.t.d.PublishedGradleVersions - Gradle version information cache is up-to-date. Trying to read.
2017-07-19 15:28:37,042 [Worker-3] INFO  c.g.t.t.d.PublishedGradleVersions - Gradle version information cache is up-to-date. Trying to read.
2017-07-20 09:35:56,717 [Worker-0] INFO  c.g.t.t.d.PublishedGradleVersions - Gradle version information cache is up-to-date. Trying to read.
2017-07-20 12:11:56,970 [Start Help Server] INFO  org.eclipse.jetty.util.log - Logging initialized @9609577ms
2017-07-20 12:11:57,235 [Start Help Server] INFO  org.eclipse.jetty.server.Server - jetty-9.3.9.v20160517
2017-07-20 12:11:57,306 [Start Help Server] INFO  o.e.j.server.handler.ContextHandler - Started o.e.j.s.ServletContextHandler@4d00ea5a{/help,null,AVAILABLE}
2017-07-20 12:11:57,372 [Start Help Server] INFO  o.e.jetty.server.AbstractConnector - Started ServerConnector@67331faf{HTTP/1.1,[http/1.1]}{127.0.0.1:51879}
2017-07-20 12:11:57,372 [Start Help Server] INFO  org.eclipse.jetty.server.Server - Started @9609980ms
2017-07-20 12:17:51,995 [Stop Help Server] INFO  o.e.jetty.server.AbstractConnector - Stopped ServerConnector@67331faf{HTTP/1.1,[http/1.1]}{127.0.0.1:0}
2017-07-20 12:17:52,004 [Stop Help Server] INFO  o.e.j.server.handler.ContextHandler - Stopped o.e.j.s.ServletContextHandler@4d00ea5a{/help,null,UNAVAILABLE}
2017-07-20 12:18:12,716 [Worker-1] INFO  c.g.t.t.d.PublishedGradleVersions - Gradle version information cache is up-to-date. Trying to read.
2017-07-20 12:19:12,394 [Worker-2] INFO  c.g.t.t.d.PublishedGradleVersions - Gradle version information cache is up-to-date. Trying to read.
2017-07-20 12:26:42,270 [Start Help Server] INFO  org.eclipse.jetty.util.log - Logging initialized @458992ms
2017-07-20 12:26:42,359 [Start Help Server] INFO  org.eclipse.jetty.server.Server - jetty-9.3.9.v20160517
2017-07-20 12:26:42,397 [Start Help Server] INFO  o.e.j.server.handler.ContextHandler - Started o.e.j.s.ServletContextHandler@1c31f91f{/help,null,AVAILABLE}
2017-07-20 12:26:42,412 [Start Help Server] INFO  o.e.jetty.server.AbstractConnector - Started ServerConnector@1dbeb7c2{HTTP/1.1,[http/1.1]}{127.0.0.1:52006}
2017-07-20 12:26:42,412 [Start Help Server] INFO  org.eclipse.jetty.server.Server - Started @459135ms
2017-07-20 18:10:18,880 [Stop Help Server] INFO  o.e.jetty.server.AbstractConnector - Stopped ServerConnector@1dbeb7c2{HTTP/1.1,[http/1.1]}{127.0.0.1:0}
2017-07-20 18:10:18,909 [Stop Help Server] INFO  o.e.j.server.handler.ContextHandler - Stopped o.e.j.s.ServletContextHandler@1c31f91f{/help,null,UNAVAILABLE}
2017-07-24 10:09:47,083 [Worker-2] INFO  c.g.t.t.d.PublishedGradleVersions - Gradle version information cache is up-to-date. Trying to read.
2017-07-24 12:15:27,257 [Worker-3] INFO  c.g.t.t.d.PublishedGradleVersions - Gradle version information cache is up-to-date. Trying to read.
2017-07-25 09:20:35,370 [Worker-1] INFO  c.g.t.t.d.PublishedGradleVersions - Gradle version information cache is up-to-date. Trying to read.
2017-08-01 09:52:07,489 [Worker-1] INFO  c.g.t.t.d.PublishedGradleVersions - Gradle version information cache is out-of-date. Trying to update.
2017-08-02 10:34:12,457 [Start Help Server] INFO  org.eclipse.jetty.util.log - Logging initialized @89237316ms
2017-08-02 10:34:12,770 [Start Help Server] INFO  org.eclipse.jetty.server.Server - jetty-9.3.9.v20160517
2017-08-02 10:34:12,833 [Start Help Server] INFO  o.e.j.server.handler.ContextHandler - Started o.e.j.s.ServletContextHandler@1b94c1fd{/help,null,AVAILABLE}
2017-08-02 10:34:12,883 [Start Help Server] INFO  o.e.jetty.server.AbstractConnector - Started ServerConnector@76b5a4d4{HTTP/1.1,[http/1.1]}{127.0.0.1:62357}
2017-08-02 10:34:12,883 [Start Help Server] INFO  org.eclipse.jetty.server.Server - Started @89237742ms
2017-08-03 10:59:29,534 [Stop Help Server] INFO  o.e.jetty.server.AbstractConnector - Stopped ServerConnector@76b5a4d4{HTTP/1.1,[http/1.1]}{127.0.0.1:0}
2017-08-03 10:59:29,609 [Stop Help Server] INFO  o.e.j.server.handler.ContextHandler - Stopped o.e.j.s.ServletContextHandler@1b94c1fd{/help,null,UNAVAILABLE}
2017-08-03 11:09:51,616 [Worker-3] INFO  c.g.t.t.d.PublishedGradleVersions - Gradle version information cache is up-to-date. Trying to read.
2017-08-07 11:08:51,182 [Start Help Server] INFO  org.eclipse.jetty.util.log - Logging initialized @345876214ms
2017-08-07 11:08:51,568 [Start Help Server] INFO  org.eclipse.jetty.server.Server - jetty-9.3.9.v20160517
2017-08-07 11:08:51,717 [Start Help Server] INFO  o.e.j.server.handler.ContextHandler - Started o.e.j.s.ServletContextHandler@ed33179{/help,null,AVAILABLE}
2017-08-07 11:08:51,786 [Start Help Server] INFO  o.e.jetty.server.AbstractConnector - Started ServerConnector@6ba47dad{HTTP/1.1,[http/1.1]}{127.0.0.1:61888}
2017-08-07 11:08:51,787 [Start Help Server] INFO  org.eclipse.jetty.server.Server - Started @345876819ms
2017-08-21 09:51:31,960 [Worker-0] INFO  c.g.t.t.d.PublishedGradleVersions - Gradle version information cache is out-of-date. Trying to update.
2017-08-21 10:10:41,796 [Worker-1] INFO  c.g.t.t.d.PublishedGradleVersions - Gradle version information cache is up-to-date. Trying to read.
2017-08-21 10:11:44,403 [Worker-4] INFO  c.g.t.t.d.PublishedGradleVersions - Gradle version information cache is up-to-date. Trying to read.
2017-08-21 12:38:02,860 [Start Help Server] INFO  org.eclipse.jetty.util.log - Logging initialized @8829815ms
2017-08-21 12:38:03,294 [Start Help Server] INFO  org.eclipse.jetty.server.Server - jetty-9.3.9.v20160517
2017-08-21 12:38:03,419 [Start Help Server] INFO  o.e.j.server.handler.ContextHandler - Started o.e.j.s.ServletContextHandler@5fc950fe{/help,null,AVAILABLE}
2017-08-21 12:38:03,510 [Start Help Server] INFO  o.e.jetty.server.AbstractConnector - Started ServerConnector@34c65344{HTTP/1.1,[http/1.1]}{127.0.0.1:54221}
2017-08-21 12:38:03,510 [Start Help Server] INFO  org.eclipse.jetty.server.Server - Started @8830466ms
2017-08-21 13:13:19,042 [Stop Help Server] INFO  o.e.jetty.server.AbstractConnector - Stopped ServerConnector@34c65344{HTTP/1.1,[http/1.1]}{127.0.0.1:0}
2017-08-21 13:13:19,074 [Stop Help Server] INFO  o.e.j.server.handler.ContextHandler - Stopped o.e.j.s.ServletContextHandler@5fc950fe{/help,null,UNAVAILABLE}
2017-08-22 08:48:11,271 [Worker-3] INFO  c.g.t.t.d.PublishedGradleVersions - Gradle version information cache is up-to-date. Trying to read.
2017-08-27 16:51:11,120 [Worker-2] INFO  c.g.t.t.d.PublishedGradleVersions - Gradle version information cache is out-of-date. Trying to update.
2017-08-28 10:05:31,081 [Worker-5] INFO  c.g.t.t.d.PublishedGradleVersions - Gradle version information cache is up-to-date. Trying to read.
2017-08-28 13:37:36,404 [Worker-2] INFO  c.g.t.t.d.PublishedGradleVersions - Gradle version information cache is up-to-date. Trying to read.
2017-08-30 09:58:01,140 [Worker-2] INFO  c.g.t.t.d.PublishedGradleVersions - Gradle version information cache is up-to-date. Trying to read.
2017-08-30 10:02:56,321 [Worker-0] INFO  c.g.t.t.d.PublishedGradleVersions - Gradle version information cache is up-to-date. Trying to read.
2017-08-30 10:06:41,720 [Worker-1] INFO  c.g.t.t.d.PublishedGradleVersions - Gradle version information cache is up-to-date. Trying to read.
2017-08-30 10:37:04,862 [Worker-3] INFO  c.g.t.t.d.PublishedGradleVersions - Gradle version information cache is up-to-date. Trying to read.
2017-09-06 11:33:29,822 [Worker-1] INFO  c.g.t.t.d.PublishedGradleVersions - Gradle version information cache is up-to-date. Trying to read.
2017-09-06 12:07:48,926 [Worker-1] INFO  c.g.t.t.d.PublishedGradleVersions - Gradle version information cache is up-to-date. Trying to read.
2017-09-06 12:12:14,916 [Worker-0] INFO  c.g.t.t.d.PublishedGradleVersions - Gradle version information cache is up-to-date. Trying to read.
2017-09-07 13:44:42,799 [Worker-2] INFO  c.g.t.t.d.PublishedGradleVersions - Gradle version information cache is up-to-date. Trying to read.
2017-09-07 14:03:35,233 [Worker-0] INFO  c.g.t.t.d.PublishedGradleVersions - Gradle version information cache is up-to-date. Trying to read.
2017-09-12 10:31:12,088 [Start Help Server] INFO  org.eclipse.jetty.util.log - Logging initialized @419669114ms
2017-09-12 10:31:12,470 [Start Help Server] INFO  org.eclipse.jetty.server.Server - jetty-9.3.9.v20160517
2017-09-12 10:31:12,543 [Start Help Server] INFO  o.e.j.server.handler.ContextHandler - Started o.e.j.s.ServletContextHandler@26a493fb{/help,null,AVAILABLE}
2017-09-12 10:31:12,625 [Start Help Server] INFO  o.e.jetty.server.AbstractConnector - Started ServerConnector@1e72efbe{HTTP/1.1,[http/1.1]}{127.0.0.1:55912}
2017-09-12 10:31:12,625 [Start Help Server] INFO  org.eclipse.jetty.server.Server - Started @419669651ms
